<?xml version="1.0" encoding="UTF-8"?>
<!-- Generated by org.testng.reporters.JUnitReportReporter -->
<testsuite hostname="TL1061" failures="0" tests="1" name="testcases.RunCreateLead" time="25.981" errors="0" timestamp="2023-06-26T12:20:52 IST" skipped="0">
  <testcase classname="testcases.RunCreateLead" name="runCreateLead" time="25.981"/>
  <system-out/>
</testsuite> <!-- testcases.RunCreateLead -->
