<?xml version="1.0" encoding="UTF-8"?>
<!-- Generated by org.testng.reporters.JUnitReportReporter -->
<testsuite hostname="TL1061" failures="0" tests="1" name="runner.CucumberRunner" time="7.483" errors="0" timestamp="2023-06-19T12:31:03 IST" skipped="0">
  <testcase classname="runner.CucumberRunner" name="runScenario" time="7.483"/>
  <system-out/>
</testsuite> <!-- runner.CucumberRunner -->
