<?xml version="1.0" encoding="UTF-8"?>
<!-- Generated by org.testng.reporters.JUnitReportReporter -->
<testsuite hostname="TL1061" failures="0" tests="1" name="testcases.RunCreateLead" time="29.542" errors="0" timestamp="2023-06-22T12:42:19 IST" skipped="0">
  <testcase classname="testcases.RunCreateLead" name="runCreateLead" time="29.542"/>
  <system-out/>
</testsuite> <!-- testcases.RunCreateLead -->
