<?xml version="1.0" encoding="UTF-8"?>
<!-- Generated by org.testng.reporters.JUnitReportReporter -->
<testsuite hostname="TL1061" failures="0" tests="1" name="testcases.VerifyLogin" time="16.190" errors="0" timestamp="2023-06-22T12:42:19 IST" skipped="0">
  <testcase classname="testcases.VerifyLogin" name="runLogin" time="16.190"/>
  <system-out/>
</testsuite> <!-- testcases.VerifyLogin -->
